app.main - WARNING - Fund database is currently empty
app.main - ERROR - list indices must be integers or slices, not str
app.main - ERROR - list indices must be integers or slices, not str
app.main - ERROR - list indices must be integers or slices, not str
app.main - ERROR - list indices must be integers or slices, not str
app.main - ERROR - 'FundDetails' object is not subscriptable
app.main - ERROR - list indices must be integers or slices, not str
app.main - ERROR - list indices must be integers or slices, not str
app.main - INFO - Fund created with id: fund001
app.main - INFO - Fund fund001 successfully retrieved
app.main - WARNING - Fund fund001 was not found in the system
app.main - ERROR - list indices must be integers or slices, not str
app.main - ERROR - 'NoneType' object has no attribute 'model_dump'
app.main - INFO - Fund fund001 performance updated  to 100.0%
app.main - WARNING - Performance cannot be updated to an invalid value of -1.0%
app.main - WARNING - Fund fund001 was not found in the system
app.main - ERROR - 'fund001'
app.main - ERROR - 'fund001'
app.main - ERROR - 'fund001'
app.main - ERROR - 'fund001'
app.main - INFO - Fund fund001 has been removed from the system
app.main - INFO - Fund fund001 has been removed from the system
app.main - INFO - Fund fund001 has been removed from the system
